<?xml version="1.0" encoding="UTF-8"?>
<testsuite name="TestApp-20240310234842" tests="6" file=".py" time="4.495" timestamp="2024-03-10T23:48:47" failures="1" errors="0" skipped="0">
	<testcase classname="TestApp" name="test_home_page" time="1.224" timestamp="2024-03-10T23:48:44" file="app/coursify-ai/test_app.py" line="33"/>
	<testcase classname="TestApp" name="test_login_page" time="0.435" timestamp="2024-03-10T23:48:44" file="app/coursify-ai/test_app.py" line="60"/>
	<testcase classname="TestApp" name="test_login_user" time="0.823" timestamp="2024-03-10T23:48:45" file="app/coursify-ai/test_app.py" line="65"/>
	<testcase classname="TestApp" name="test_logout_user" time="0.528" timestamp="2024-03-10T23:48:45" file="app/coursify-ai/test_app.py" line="73"/>
	<testcase classname="TestApp" name="test_register_page" time="0.804" timestamp="2024-03-10T23:48:46" file="app/coursify-ai/test_app.py" line="38"/>
	<testcase classname="TestApp" name="test_register_user" time="0.680" timestamp="2024-03-10T23:48:47" file="app/coursify-ai/test_app.py" line="43">
		<failure type="AssertionError" message="Template index.html not used. Templates were used: [ &lt; T e m p l a t e   ' r e g i s t e r . h t m l ' &gt; ]"><![CDATA[Traceback (most recent call last):
  File "/Users/gurbiramrit/Capstone_coursify-v2.0/year-long-project-team-16/app/coursify-ai/test_app.py", line 57, in test_register_user
    self.assert_template_used('index.html')
  File "/opt/homebrew/lib/python3.11/site-packages/flask_testing/utils.py", line 254, in assertTemplateUsed
    raise AssertionError("Template %s not used. Templates were used: %s" % (name, ' '.join(repr(used_templates))))
AssertionError: Template index.html not used. Templates were used: [ < T e m p l a t e   ' r e g i s t e r . h t m l ' > ]
]]></failure>
	</testcase>
</testsuite>
